2013-06-22T02:47:31+02:00 tracker woke for hi
2013-06-22T02:48:04+02:00 tracker woke for hi
2013-06-22T02:48:27+02:00 tracker woke for hi
2013-06-22T02:50:29+02:00 tracker woke for D:\www\2\upload\pitch\45.wav
2013-06-22T02:53:36+02:00 tracker woke for D:\www\2\upload\pitch\45.wav
2013-06-22T02:54:45+02:00 tracker woke for D:\www\2\upload\pitch\45.wav
2013-06-22T02:55:07+02:00 tracker woke for D:\www\2\upload\pitch\45.wav
2013-06-22T02:55:56+02:00 tracker woke for D:\www\2\upload\pitch\45.wav
2013-06-22T02:56:40+02:00 unlinked D:\www\2\upload\pitch\45.wav
2013-06-22T02:56:40+02:00 D:\www\2\pitch.php D:\www\2\upload\pitch\45.wav full done.
2013-06-22T02:59:36+02:00 tracker woke for D:\www\2\upload\pitch\47.wav
2013-06-22T02:59:57+02:00 D:\www\2\pitch.php D:\www\2\upload\pitch\47.wav tiny done.
2013-06-22T03:06:01+02:00 tracker woke for D:\www\2\upload\pitch\30.wav
2013-06-22T03:06:22+02:00 D:\www\2\pitch.php D:\www\2\upload\pitch\30.wav tiny done.
2013-06-22T03:06:44+02:00 unlinked D:\www\2\upload\pitch\30.wav
2013-06-22T03:06:44+02:00 D:\www\2\pitch.php D:\www\2\upload\pitch\30.wav full done.
2013-06-22T03:54:33+02:00 shell_exec ffmpeg -i D:\www\2\upload\pitch\11.wav D:\www\2\upload\content\11.mp3
2013-06-22T03:55:53+02:00 shell_exec ffmpeg -i D:\www\2\upload\pitch\12.wav D:\www\2\upload\content\12.mp3
2013-06-22T03:55:54+02:00 tracker woke for D:\www\2\upload\pitch\12.wav
2013-06-22T03:55:55+02:00 shell_exec D:\www\2\sh\cpitch  -c D:\www\2\upload\pitch\tiny.cfg D:\www\2\upload\pitch\12.wav
2013-06-22T03:56:15+02:00 shell_exec D:\www\2\sh\ccompare  -c D:\www\2\upload\pitch\tiny.cfg -m pitch_dtw D:\www\2\upload\pitch\tiny
2013-06-22T03:56:16+02:00 D:\www\2\pitch.php D:\www\2\upload\pitch\12.wav tiny done.
2013-06-22T03:56:17+02:00 shell_exec D:\www\2\sh\cpitch  -c D:\www\2\upload\pitch\full.cfg D:\www\2\upload\pitch\12.wav
2013-06-22T03:56:37+02:00 unlinked D:\www\2\upload\pitch\12.wav
2013-06-22T03:56:37+02:00 shell_exec D:\www\2\sh\ccompare  -c D:\www\2\upload\pitch\full.cfg -m pitch_dtw D:\www\2\upload\pitch\full
2013-06-22T03:56:37+02:00 D:\www\2\pitch.php D:\www\2\upload\pitch\12.wav full done.
2013-06-22T07:15:02+02:00 shell_exec ffmpeg -i D:\www\2\upload\pitch\13.wav D:\www\2\upload\content\13.mp3
2013-06-22T07:16:38+02:00 shell_exec ffmpeg -i D:\www\2\upload\pitch\14.wav D:\www\2\upload\content\14.mp3
2013-06-22T07:16:39+02:00 shell_exec php D:\www\2\pitch.php D:\www\2\upload\pitch\14.wav tiny
2013-06-22T07:16:40+02:00 shell_exec D:\www\2\sh\cpitch  -c D:\www\2\upload\pitch\tiny.cfg D:\www\2\upload\pitch\14.wav
2013-06-22T07:17:00+02:00 shell_exec D:\www\2\sh\ccompare  -c D:\www\2\upload\pitch\tiny.cfg -m pitch_dtw D:\www\2\upload\pitch\tiny
2013-06-22T07:17:00+02:00 D:\www\2\pitch.php D:\www\2\upload\pitch\14.wav tiny done.
2013-06-22T07:17:00+02:00 21 sec for tiny trace 14
2013-06-22T07:19:29+02:00 shell_exec php D:\www\2\pitch.php --wake-- Sat Jun 22 00:19:29 CDT 2013 tiny
2013-06-22T07:19:30+02:00 ERROR Usage: D:\www\2\pitch.php file.wav [full|tiny]
2013-06-22T07:19:30+02:00 1 sec for tiny trace --wake-- Sat Jun 22 00:19:29 CDT 2013
2013-06-22T07:19:30+02:00 longest tiny trace was 0 minutes
2013-06-22T07:19:30+02:00 longest full trace was -0.02 minutes
2013-06-22T07:20:49+02:00 shell_exec ffmpeg -i D:\www\2\upload\pitch\15.wav D:\www\2\upload\content\15.mp3
2013-06-22T07:20:49+02:00 shell_exec php D:\www\2\pitch.php D:\www\2\upload\pitch\15.wav tiny
2013-06-22T07:20:50+02:00 shell_exec D:\www\2\sh\cpitch  -c D:\www\2\upload\pitch\tiny.cfg D:\www\2\upload\pitch\15.wav
2013-06-22T07:21:10+02:00 shell_exec D:\www\2\sh\ccompare  -c D:\www\2\upload\pitch\tiny.cfg -m pitch_dtw D:\www\2\upload\pitch\tiny
2013-06-22T07:21:10+02:00 D:\www\2\pitch.php D:\www\2\upload\pitch\15.wav tiny done.
2013-06-22T07:21:10+02:00 21 sec for tiny trace 15
2013-06-22T07:21:26+02:00 shell_exec php D:\www\2\pitch.php --wake-- Sat Jun 22 00:21:26 CDT 2013 tiny
2013-06-22T07:21:27+02:00 ERROR Usage: D:\www\2\pitch.php file.wav [full|tiny]
2013-06-22T07:21:27+02:00 1 sec for tiny trace --wake-- Sat Jun 22 00:21:26 CDT 2013
2013-06-22T07:21:27+02:00 longest tiny trace was 0.35 minutes
2013-06-22T07:21:27+02:00 longest full trace was -0.02 minutes
2013-06-22T07:27:46+02:00 shell_exec ffmpeg -i D:\www\2\upload\pitch\16.wav D:\www\2\upload\content\16.mp3
2013-06-22T07:27:46+02:00 shell_exec php D:\www\2\pitch.php D:\www\2\upload\pitch\16.wav tiny
2013-06-22T07:27:47+02:00 shell_exec D:\www\2\sh\cpitch  -c D:\www\2\upload\pitch\tiny.cfg D:\www\2\upload\pitch\16.wav
2013-06-22T07:28:07+02:00 shell_exec D:\www\2\sh\ccompare  -c D:\www\2\upload\pitch\tiny.cfg -m pitch_dtw D:\www\2\upload\pitch\tiny
2013-06-22T07:28:08+02:00 D:\www\2\pitch.php D:\www\2\upload\pitch\16.wav tiny done.
2013-06-22T07:28:08+02:00 22 sec for tiny trace 16
2013-06-22T07:30:13+02:00 shell_exec ffmpeg -i D:\www\2\upload\pitch\17.wav D:\www\2\upload\content\17.mp3
2013-06-22T07:30:14+02:00 shell_exec php D:\www\2\pitch.php D:\www\2\upload\pitch\17.wav tiny
2013-06-22T07:30:15+02:00 shell_exec D:\www\2\sh\cpitch  -c D:\www\2\upload\pitch\tiny.cfg D:\www\2\upload\pitch\17.wav
2013-06-22T07:30:35+02:00 shell_exec D:\www\2\sh\ccompare  -c D:\www\2\upload\pitch\tiny.cfg -m pitch_dtw D:\www\2\upload\pitch\tiny
2013-06-22T07:30:35+02:00 D:\www\2\pitch.php D:\www\2\upload\pitch\17.wav tiny done.
2013-06-22T07:30:35+02:00 21 sec for tiny trace 17
2013-06-22T07:37:07+02:00 shell_exec ffmpeg -i D:\www\2\upload\pitch\18.wav D:\www\2\upload\content\18.mp3
2013-06-22T07:37:08+02:00 shell_exec php D:\www\2\pitch.php D:\www\2\upload\pitch\18.wav tiny
2013-06-22T07:37:09+02:00 shell_exec D:\www\2\sh\cpitch  -c D:\www\2\upload\pitch\tiny.cfg D:\www\2\upload\pitch\18.wav
2013-06-22T07:37:29+02:00 shell_exec D:\www\2\sh\ccompare  -c D:\www\2\upload\pitch\tiny.cfg -m pitch_dtw D:\www\2\upload\pitch\tiny
2013-06-22T07:37:31+02:00 D:\www\2\pitch.php D:\www\2\upload\pitch\18.wav tiny done.
2013-06-22T07:37:31+02:00 23 sec for tiny trace 18
2013-06-22T07:39:52+02:00 wake
2013-06-22T07:40:31+02:00 wake array (
)
2013-06-22T07:40:54+02:00 shell_exec ffmpeg -i D:\www\2\upload\pitch\19.wav D:\www\2\upload\content\19.mp3
2013-06-22T07:40:55+02:00 shell_exec php D:\www\2\pitch.php D:\www\2\upload\pitch\19.wav tiny
2013-06-22T07:40:56+02:00 shell_exec D:\www\2\sh\cpitch  -c D:\www\2\upload\pitch\tiny.cfg D:\www\2\upload\pitch\19.wav
2013-06-22T07:41:00+02:00 shell_exec D:\www\2\sh\ccompare  -c D:\www\2\upload\pitch\tiny.cfg -m pitch_dtw D:\www\2\upload\pitch\tiny
2013-06-22T07:41:02+02:00 D:\www\2\pitch.php D:\www\2\upload\pitch\19.wav tiny done.
2013-06-22T07:41:02+02:00 7 sec for tiny trace 19
2013-06-22T07:41:21+02:00 wake array (
  0 => 'D:\\www\\2\\upload\\pitch\\19.wav',
)
2013-06-22T07:41:37+02:00 wake array (
  0 => 'D:\\www\\2\\upload\\pitch\\19.wav',
)
2013-06-22T07:42:28+02:00 shell_exec ffmpeg -i D:\www\2\upload\pitch\20.wav D:\www\2\upload\content\20.mp3
2013-06-22T07:42:29+02:00 shell_exec php D:\www\2\pitch.php D:\www\2\upload\pitch\20.wav tiny
2013-06-22T07:42:30+02:00 shell_exec D:\www\2\sh\cpitch  -c D:\www\2\upload\pitch\tiny.cfg D:\www\2\upload\pitch\20.wav
2013-06-22T07:42:34+02:00 shell_exec D:\www\2\sh\ccompare  -c D:\www\2\upload\pitch\tiny.cfg -m pitch_dtw D:\www\2\upload\pitch\tiny
2013-06-22T07:42:36+02:00 D:\www\2\pitch.php D:\www\2\upload\pitch\20.wav tiny done.
2013-06-22T07:42:37+02:00 8 sec for tiny trace 20
2013-06-22T07:42:37+02:00 longest tiny trace was 0.13 minutes
2013-06-22T07:42:37+02:00 longest full trace was -0.02 minutes
2013-06-22T07:42:44+02:00 shell_exec ffmpeg -i D:\www\2\upload\pitch\21.wav D:\www\2\upload\content\21.mp3
2013-06-22T07:42:44+02:00 shell_exec php D:\www\2\pitch.php D:\www\2\upload\pitch\21.wav tiny
2013-06-22T07:42:45+02:00 shell_exec D:\www\2\sh\cpitch  -c D:\www\2\upload\pitch\tiny.cfg D:\www\2\upload\pitch\21.wav
2013-06-22T07:42:49+02:00 shell_exec D:\www\2\sh\ccompare  -c D:\www\2\upload\pitch\tiny.cfg -m pitch_dtw D:\www\2\upload\pitch\tiny
2013-06-22T07:42:51+02:00 D:\www\2\pitch.php D:\www\2\upload\pitch\21.wav tiny done.
2013-06-22T07:42:52+02:00 8 sec for tiny trace 21
2013-06-22T07:42:59+02:00 wake array (
  0 => 'D:\\www\\2\\upload\\pitch\\20.wav',
  1 => 'D:\\www\\2\\upload\\pitch\\21.wav',
)
2013-06-22T07:42:59+02:00 shell_exec php D:\www\2\pitch.php D:\www\2\upload\pitch\20.wav full
2013-06-22T07:43:00+02:00 shell_exec D:\www\2\sh\cpitch  -c D:\www\2\upload\pitch\full.cfg D:\www\2\upload\pitch\20.wav
2013-06-22T07:43:04+02:00 unlinked D:\www\2\upload\pitch\20.wav
2013-06-22T07:43:04+02:00 shell_exec D:\www\2\sh\ccompare  -c D:\www\2\upload\pitch\full.cfg -m pitch_dtw D:\www\2\upload\pitch\full
2013-06-22T07:43:07+02:00 D:\www\2\pitch.php D:\www\2\upload\pitch\20.wav full done.
2013-06-22T07:43:07+02:00 8 sec for full trace 20
2013-06-22T07:43:07+02:00 longest tiny trace was 0.13 minutes
2013-06-22T07:43:07+02:00 longest full trace was 0.13 minutes
2013-06-22T07:43:19+02:00 wake array (
  0 => 'D:\\www\\2\\upload\\pitch\\21.wav',
)
2013-06-22T07:43:19+02:00 shell_exec php D:\www\2\pitch.php D:\www\2\upload\pitch\21.wav full
2013-06-22T07:43:20+02:00 shell_exec D:\www\2\sh\cpitch  -c D:\www\2\upload\pitch\full.cfg D:\www\2\upload\pitch\21.wav
2013-06-22T07:43:24+02:00 unlinked D:\www\2\upload\pitch\21.wav
2013-06-22T07:43:24+02:00 shell_exec D:\www\2\sh\ccompare  -c D:\www\2\upload\pitch\full.cfg -m pitch_dtw D:\www\2\upload\pitch\full
2013-06-22T07:43:26+02:00 D:\www\2\pitch.php D:\www\2\upload\pitch\21.wav full done.
2013-06-22T07:43:26+02:00 7 sec for full trace 21
2013-06-22T07:43:41+02:00 wake array (
)
2013-06-22T07:44:43+02:00 shell_exec ffmpeg -i D:\www\2\upload\pitch\22.wav D:\www\2\upload\content\22.mp3
2013-06-22T07:44:43+02:00 shell_exec php D:\www\2\pitch.php D:\www\2\upload\pitch\22.wav tiny
2013-06-22T07:44:44+02:00 shell_exec D:\www\2\sh\cpitch  -c D:\www\2\upload\pitch\tiny.cfg D:\www\2\upload\pitch\22.wav
2013-06-22T07:44:48+02:00 shell_exec D:\www\2\sh\ccompare  -c D:\www\2\upload\pitch\tiny.cfg -m pitch_dtw D:\www\2\upload\pitch\tiny
2013-06-22T07:44:50+02:00 D:\www\2\pitch.php D:\www\2\upload\pitch\22.wav tiny done.
2013-06-22T07:44:50+02:00 7 sec for tiny trace 22
2013-06-22T07:44:58+02:00 shell_exec ffmpeg -i D:\www\2\upload\pitch\23.wav D:\www\2\upload\content\23.mp3
2013-06-22T07:44:59+02:00 shell_exec php D:\www\2\pitch.php D:\www\2\upload\pitch\23.wav tiny
2013-06-22T07:45:00+02:00 shell_exec D:\www\2\sh\cpitch  -c D:\www\2\upload\pitch\tiny.cfg D:\www\2\upload\pitch\23.wav
2013-06-22T07:45:04+02:00 shell_exec D:\www\2\sh\ccompare  -c D:\www\2\upload\pitch\tiny.cfg -m pitch_dtw D:\www\2\upload\pitch\tiny
2013-06-22T07:45:06+02:00 D:\www\2\pitch.php D:\www\2\upload\pitch\23.wav tiny done.
2013-06-22T07:45:06+02:00 7 sec for tiny trace 23
2013-06-22T07:45:14+02:00 shell_exec ffmpeg -i D:\www\2\upload\pitch\24.wav D:\www\2\upload\content\24.mp3
2013-06-22T07:45:15+02:00 shell_exec php D:\www\2\pitch.php D:\www\2\upload\pitch\24.wav tiny
2013-06-22T07:45:16+02:00 shell_exec D:\www\2\sh\cpitch  -c D:\www\2\upload\pitch\tiny.cfg D:\www\2\upload\pitch\24.wav
2013-06-22T07:45:20+02:00 shell_exec D:\www\2\sh\ccompare  -c D:\www\2\upload\pitch\tiny.cfg -m pitch_dtw D:\www\2\upload\pitch\tiny
2013-06-22T07:45:23+02:00 D:\www\2\pitch.php D:\www\2\upload\pitch\24.wav tiny done.
2013-06-22T07:45:23+02:00 8 sec for tiny trace 24
2013-06-22T07:45:35+02:00 wake array (
  0 => 'D:\\www\\2\\upload\\pitch\\22.wav',
  1 => 'D:\\www\\2\\upload\\pitch\\23.wav',
  2 => 'D:\\www\\2\\upload\\pitch\\24.wav',
)
2013-06-22T07:45:35+02:00 shell_exec php D:\www\2\pitch.php D:\www\2\upload\pitch\22.wav full
2013-06-22T07:45:36+02:00 shell_exec D:\www\2\sh\cpitch  -c D:\www\2\upload\pitch\full.cfg D:\www\2\upload\pitch\22.wav
2013-06-22T07:45:40+02:00 unlinked D:\www\2\upload\pitch\22.wav
2013-06-22T07:45:40+02:00 shell_exec D:\www\2\sh\ccompare  -c D:\www\2\upload\pitch\full.cfg -m pitch_dtw D:\www\2\upload\pitch\full
2013-06-22T07:45:43+02:00 D:\www\2\pitch.php D:\www\2\upload\pitch\22.wav full done.
2013-06-22T07:45:43+02:00 8 sec for full trace 22
2013-06-22T07:46:24+02:00 shell_exec ffmpeg -i D:\www\2\upload\pitch\25.wav D:\www\2\upload\content\25.mp3
2013-06-22T07:46:25+02:00 shell_exec php D:\www\2\pitch.php D:\www\2\upload\pitch\25.wav tiny
2013-06-22T07:46:26+02:00 shell_exec D:\www\2\sh\cpitch  -c D:\www\2\upload\pitch\tiny.cfg D:\www\2\upload\pitch\25.wav
2013-06-22T07:46:30+02:00 shell_exec D:\www\2\sh\ccompare  -c D:\www\2\upload\pitch\tiny.cfg -m pitch_dtw D:\www\2\upload\pitch\tiny
2013-06-22T07:46:33+02:00 D:\www\2\pitch.php D:\www\2\upload\pitch\25.wav tiny done.
2013-06-22T07:46:33+02:00 8 sec for tiny trace 25
2013-06-22T07:46:35+02:00 wake array (
  0 => 'D:\\www\\2\\upload\\pitch\\23.wav',
  1 => 'D:\\www\\2\\upload\\pitch\\24.wav',
  2 => 'D:\\www\\2\\upload\\pitch\\25.wav',
)
2013-06-22T07:46:35+02:00 shell_exec php D:\www\2\pitch.php D:\www\2\upload\pitch\23.wav full
2013-06-22T07:46:36+02:00 shell_exec D:\www\2\sh\cpitch  -c D:\www\2\upload\pitch\full.cfg D:\www\2\upload\pitch\23.wav
2013-06-22T07:46:40+02:00 unlinked D:\www\2\upload\pitch\23.wav
2013-06-22T07:46:40+02:00 shell_exec D:\www\2\sh\ccompare  -c D:\www\2\upload\pitch\full.cfg -m pitch_dtw D:\www\2\upload\pitch\full
2013-06-22T07:46:43+02:00 D:\www\2\pitch.php D:\www\2\upload\pitch\23.wav full done.
2013-06-22T07:46:43+02:00 8 sec for full trace 23
2013-06-22T07:47:12+02:00 wake array (
  0 => 'D:\\www\\2\\upload\\pitch\\24.wav',
  1 => 'D:\\www\\2\\upload\\pitch\\25.wav',
)
2013-06-22T07:47:12+02:00 shell_exec php D:\www\2\pitch.php D:\www\2\upload\pitch\24.wav full
2013-06-22T07:47:13+02:00 shell_exec D:\www\2\sh\cpitch  -c D:\www\2\upload\pitch\full.cfg D:\www\2\upload\pitch\24.wav
2013-06-22T07:47:17+02:00 unlinked D:\www\2\upload\pitch\24.wav
2013-06-22T07:47:17+02:00 shell_exec D:\www\2\sh\ccompare  -c D:\www\2\upload\pitch\full.cfg -m pitch_dtw D:\www\2\upload\pitch\full
2013-06-22T07:47:19+02:00 D:\www\2\pitch.php D:\www\2\upload\pitch\24.wav full done.
2013-06-22T07:47:19+02:00 7 sec for full trace 24
2013-06-22T07:47:30+02:00 shell_exec ffmpeg -i D:\www\2\upload\pitch\26.wav D:\www\2\upload\content\26.mp3
2013-06-22T07:47:31+02:00 shell_exec php D:\www\2\pitch.php D:\www\2\upload\pitch\26.wav tiny
2013-06-22T07:47:32+02:00 shell_exec D:\www\2\sh\cpitch  -c D:\www\2\upload\pitch\tiny.cfg D:\www\2\upload\pitch\26.wav
2013-06-22T07:47:36+02:00 shell_exec D:\www\2\sh\ccompare  -c D:\www\2\upload\pitch\tiny.cfg -m pitch_dtw D:\www\2\upload\pitch\tiny
2013-06-22T07:47:39+02:00 D:\www\2\pitch.php D:\www\2\upload\pitch\26.wav tiny done.
2013-06-22T07:47:39+02:00 8 sec for tiny trace 26
2013-06-22T07:47:39+02:00 wake array (
  0 => 'D:\\www\\2\\upload\\pitch\\25.wav',
  1 => 'D:\\www\\2\\upload\\pitch\\26.wav',
)
2013-06-22T07:47:45+02:00 wake array (
  0 => 'D:\\www\\2\\upload\\pitch\\25.wav',
  1 => 'D:\\www\\2\\upload\\pitch\\26.wav',
)
2013-06-22T07:47:45+02:00 shell_exec php D:\www\2\pitch.php D:\www\2\upload\pitch\25.wav full
2013-06-22T07:47:46+02:00 shell_exec D:\www\2\sh\cpitch  -c D:\www\2\upload\pitch\full.cfg D:\www\2\upload\pitch\25.wav
2013-06-22T07:47:50+02:00 unlinked D:\www\2\upload\pitch\25.wav
2013-06-22T07:47:50+02:00 shell_exec D:\www\2\sh\ccompare  -c D:\www\2\upload\pitch\full.cfg -m pitch_dtw D:\www\2\upload\pitch\full
2013-06-22T07:47:53+02:00 D:\www\2\pitch.php D:\www\2\upload\pitch\25.wav full done.
2013-06-22T07:47:53+02:00 8 sec for full trace 25
2013-06-22T07:47:53+02:00 wake array (
  0 => 'D:\\www\\2\\upload\\pitch\\26.wav',
)
2013-06-22T07:47:59+02:00 wake array (
  0 => 'D:\\www\\2\\upload\\pitch\\26.wav',
)
2013-06-22T07:47:59+02:00 shell_exec php D:\www\2\pitch.php D:\www\2\upload\pitch\26.wav full
2013-06-22T07:48:00+02:00 shell_exec D:\www\2\sh\cpitch  -c D:\www\2\upload\pitch\full.cfg D:\www\2\upload\pitch\26.wav
2013-06-22T07:48:04+02:00 unlinked D:\www\2\upload\pitch\26.wav
2013-06-22T07:48:04+02:00 shell_exec D:\www\2\sh\ccompare  -c D:\www\2\upload\pitch\full.cfg -m pitch_dtw D:\www\2\upload\pitch\full
2013-06-22T07:48:06+02:00 D:\www\2\pitch.php D:\www\2\upload\pitch\26.wav full done.
2013-06-22T07:48:07+02:00 8 sec for full trace 26
2013-06-22T07:51:18+02:00 shell_exec ffmpeg -i D:\www\2\upload\pitch\30.wav D:\www\2\upload\content\30.mp3
2013-06-22T07:51:18+02:00 shell_exec php D:\www\2\pitch.php D:\www\2\upload\pitch\30.wav tiny
2013-06-22T07:51:19+02:00 shell_exec D:\www\2\sh\cpitch  -c D:\www\2\upload\pitch\tiny.cfg D:\www\2\upload\pitch\30.wav
2013-06-22T07:51:23+02:00 shell_exec D:\www\2\sh\ccompare  -c D:\www\2\upload\pitch\tiny.cfg -m pitch_dtw D:\www\2\upload\pitch\tiny
2013-06-22T07:51:26+02:00 D:\www\2\pitch.php D:\www\2\upload\pitch\30.wav tiny done.
2013-06-22T07:51:26+02:00 8 sec for tiny trace 30
2013-06-22T07:51:26+02:00 longest tiny trace was 0.13 minutes
2013-06-22T07:51:26+02:00 longest full trace was 0.13 minutes
2013-06-22T07:51:37+02:00 wake array (
  0 => 'D:\\www\\2\\upload\\pitch\\30.wav',
)
2013-06-22T07:51:37+02:00 shell_exec php D:\www\2\pitch.php D:\www\2\upload\pitch\30.wav full
2013-06-22T07:51:38+02:00 shell_exec D:\www\2\sh\cpitch  -c D:\www\2\upload\pitch\full.cfg D:\www\2\upload\pitch\30.wav
2013-06-22T07:51:42+02:00 unlinked D:\www\2\upload\pitch\30.wav
2013-06-22T07:51:42+02:00 shell_exec D:\www\2\sh\ccompare  -c D:\www\2\upload\pitch\full.cfg -m pitch_dtw D:\www\2\upload\pitch\full
2013-06-22T07:51:44+02:00 D:\www\2\pitch.php D:\www\2\upload\pitch\30.wav full done.
2013-06-22T07:51:44+02:00 7 sec for full trace 30
2013-06-22T07:51:44+02:00 longest tiny trace was 0.13 minutes
2013-06-22T07:51:44+02:00 longest full trace was 0.13 minutes
2013-06-22T11:22:37-05:00 shell_exec ffmpeg -i D:\www\2\upload\pitch\3.wav D:\www\2\upload\content\3.mp3
2013-06-22T14:45:07-05:00 shell_exec ffmpeg -i D:\www\2\upload\pitch\4.wav D:\www\2\upload\content\4.mp3
2013-06-22T15:09:03-05:00 shell_exec ffmpeg -i D:\www\2\upload\pitch\5.wav D:\www\2\upload\content\5.mp3
2013-06-22T16:34:59-05:00 shell_exec ffmpeg -i D:\www\2\upload\pitch\3.wav D:\www\2\upload\content\3.mp3
2013-06-22T21:34:42-05:00 shell_exec ffmpeg -i D:\www\3\upload\pitch\4.wav D:\www\3\upload\content\4.mp3
2013-06-22T21:35:42-05:00 shell_exec ffmpeg -i D:\www\3\upload\pitch\5.wav D:\www\3\upload\content\5.mp3
2013-06-22T21:35:43-05:00 shell_exec php D:\www\3\pitch.php D:\www\3\upload\pitch\5.wav tiny
2013-06-22T21:35:44-05:00 shell_exec D:\www\3\sh\cpitch  -c D:\www\3\upload\pitch\tiny.cfg D:\www\3\upload\pitch\5.wav
2013-06-22T21:35:48-05:00 shell_exec D:\www\3\sh\ccompare  -c D:\www\3\upload\pitch\tiny.cfg -m pitch_dtw D:\www\3\upload\pitch\tiny
2013-06-22T21:35:50-05:00 D:\www\3\pitch.php D:\www\3\upload\pitch\5.wav tiny done.
2013-06-22T21:35:50-05:00 7 sec for tiny trace 5
2013-06-22T21:38:31-05:00 shell_exec ffmpeg -i D:\www\3\upload\pitch\3.wav D:\www\3\upload\content\3.mp3
2013-06-22T21:38:32-05:00 shell_exec php D:\www\3\pitch.php D:\www\3\upload\pitch\3.wav tiny
2013-06-22T21:38:33-05:00 shell_exec D:\www\3\sh\cpitch  -c D:\www\3\upload\pitch\tiny.cfg D:\www\3\upload\pitch\3.wav
2013-06-22T21:38:37-05:00 shell_exec D:\www\3\sh\ccompare  -c D:\www\3\upload\pitch\tiny.cfg -m pitch_dtw D:\www\3\upload\pitch\tiny
2013-06-22T21:38:40-05:00 D:\www\3\pitch.php D:\www\3\upload\pitch\3.wav tiny done.
2013-06-22T21:38:40-05:00 8 sec for tiny trace 3
2013-06-22T21:39:37-05:00 shell_exec ffmpeg -i D:\www\3\upload\pitch\4.wav D:\www\3\upload\content\4.mp3
2013-06-22T21:39:38-05:00 shell_exec php D:\www\3\pitch.php D:\www\3\upload\pitch\4.wav tiny
2013-06-22T21:39:39-05:00 shell_exec D:\www\3\sh\cpitch  -c D:\www\3\upload\pitch\tiny.cfg D:\www\3\upload\pitch\4.wav
2013-06-22T21:39:43-05:00 shell_exec D:\www\3\sh\ccompare  -c D:\www\3\upload\pitch\tiny.cfg -m pitch_dtw D:\www\3\upload\pitch\tiny
2013-06-22T21:39:45-05:00 D:\www\3\pitch.php D:\www\3\upload\pitch\4.wav tiny done.
2013-06-22T21:39:45-05:00 7 sec for tiny trace 4
2013-06-22T21:42:43-05:00 shell_exec ffmpeg -i D:\www\3\upload\pitch\5.wav D:\www\3\upload\content\5.mp3
2013-06-22T21:42:44-05:00 shell_exec php D:\www\3\pitch.php D:\www\3\upload\pitch\5.wav tiny
2013-06-22T21:42:45-05:00 shell_exec D:\www\3\sh\cpitch  -c D:\www\3\upload\pitch\tiny.cfg D:\www\3\upload\pitch\5.wav
2013-06-22T21:42:49-05:00 ERROR D:\www\3\upload\pitch\tiny\5.plg already exists
2013-06-22T21:42:49-05:00 5 sec for tiny trace 5
2013-06-22T21:43:09-05:00 shell_exec ffmpeg -i D:\www\3\upload\pitch\6.wav D:\www\3\upload\content\6.mp3
2013-06-22T21:43:11-05:00 shell_exec php D:\www\3\pitch.php D:\www\3\upload\pitch\6.wav tiny
2013-06-22T21:43:12-05:00 shell_exec D:\www\3\sh\cpitch  -c D:\www\3\upload\pitch\tiny.cfg D:\www\3\upload\pitch\6.wav
2013-06-22T21:43:16-05:00 shell_exec D:\www\3\sh\ccompare  -c D:\www\3\upload\pitch\tiny.cfg -m pitch_dtw D:\www\3\upload\pitch\tiny
2013-06-22T21:43:18-05:00 D:\www\3\pitch.php D:\www\3\upload\pitch\6.wav tiny done.
2013-06-22T21:43:18-05:00 7 sec for tiny trace 6
2013-06-23T12:21:05-05:00 shell_exec ffmpeg -i D:\www\3\upload\pitch\7.wav D:\www\3\upload\content\7.mp3
2013-06-24T09:51:21-05:00 shell_exec ffmpeg -i D:\www\3\upload\pitch\8.wav D:\www\3\upload\content\8.mp3
2013-06-24T11:46:21-05:00 array (
  'TMP' => 'C:/bin/php/easy/binaries/tmp',
  'HTTP_HOST' => 'localhost',
  'HTTP_CONNECTION' => 'keep-alive',
  'CONTENT_LENGTH' => '749',
  'HTTP_LOCATION' => 'Netscape,Mozilla,5.0 (Windows NT 5.1) AppleWebKit/537.36 (KHTML, like Gecko) Chrome/27.0.1453.94 Safari/537.36',
  'HTTP_ORIGIN' => 'http://localhost',
  'HTTP_LOCALDT' => 'Mon Jun 24 2013 11:43:44 GMT-0500 (Central Daylight Time)',
  'HTTP_USER_AGENT' => 'Mozilla/5.0 (Windows NT 5.1) AppleWebKit/537.36 (KHTML, like Gecko) Chrome/27.0.1453.94 Safari/537.36',
  'CONTENT_TYPE' => 'multipart/form-data; boundary=----WebKitFormBoundaryaB4QvIZvse6QlnYz',
  'HTTP_ACCEPT' => '*/*',
  'HTTP_REFERER' => 'http://localhost/upload/',
  'HTTP_ACCEPT_ENCODING' => 'gzip,deflate,sdch',
  'HTTP_ACCEPT_LANGUAGE' => 'en-US,en;q=0.8',
  'HTTP_COOKIE' => 'PHPSESSID=ffl4oni5q84cdpdo92kr4he3g4',
  'PATH' => 'C:\\bin\\php\\imagick;C:\\Program Files\\Subversion\\bin;C:\\cygwin\\bin;C:\\script;C:\\bin;C:\\WINDOWS\\System32\\Wbem;C:\\WINDOWS;C:\\WINDOWS\\system32;C:\\Program Files\\Windows Resource Kits\\Tools\\;C:\\dev\\Python33\\;C:\\bin\\php\\easy\\binaries\\php\\php_runningversion;C:\\bin\\php\\easy\\binaries\\mysql\\bin;;C:\\Program Files\\Common Files\\Ahead\\Lib\\;C:\\bin\\php\\easy\\Apache\\bin;C:\\bin\\php\\easy\\PHP',
  'SystemRoot' => 'C:\\WINDOWS',
  'COMSPEC' => 'C:\\WINDOWS\\system32\\cmd.exe',
  'PATHEXT' => '.COM;.EXE;.BAT;.CMD;.VBS;.VBE;.JS;.JSE;.WSF;.WSH',
  'WINDIR' => 'C:\\WINDOWS',
  'SERVER_SIGNATURE' => '',
  'SERVER_SOFTWARE' => 'Apache/2.4.4 (Win32) PHP/5.4.14',
  'SERVER_NAME' => 'localhost',
  'SERVER_ADDR' => '127.0.0.1',
  'SERVER_PORT' => '80',
  'REMOTE_ADDR' => '127.0.0.1',
  'DOCUMENT_ROOT' => 'D:/www/3/',
  'REQUEST_SCHEME' => 'http',
  'CONTEXT_PREFIX' => '',
  'CONTEXT_DOCUMENT_ROOT' => 'D:/www/3/',
  'SERVER_ADMIN' => 'admin@127.0.0.1',
  'SCRIPT_FILENAME' => 'D:/www/3/upload/index.php',
  'REMOTE_PORT' => '4739',
  'GATEWAY_INTERFACE' => 'CGI/1.1',
  'SERVER_PROTOCOL' => 'HTTP/1.1',
  'REQUEST_METHOD' => 'POST',
  'QUERY_STRING' => '',
  'REQUEST_URI' => '/upload/',
  'SCRIPT_NAME' => '/upload/index.php',
  'PHP_SELF' => '/upload/index.php',
  'REQUEST_TIME_FLOAT' => 1372092380.296,
  'REQUEST_TIME' => 1372092380,
)
2013-06-24T11:53:56-05:00 array (
  'Filedata' => 
  array (
    'name' => 'frame_repeat.png',
    'type' => 'image/png',
    'tmp_name' => 'C:\\bin\\php\\easy\\binaries\\tmp\\php677.tmp',
    'error' => 0,
    'size' => 113,
  ),
)
2013-06-24T11:58:02-05:00 array (
  'Filedata' => 
  array (
    'name' => 'on.png',
    'type' => 'image/png',
    'tmp_name' => 'C:\\bin\\php\\easy\\binaries\\tmp\\php68A.tmp',
    'error' => 0,
    'size' => 1095,
  ),
)
2013-06-24T11:58:02-05:00 array (
  'TMP' => 'C:/bin/php/easy/binaries/tmp',
  'HTTP_HOST' => 'localhost',
  'HTTP_CONNECTION' => 'keep-alive',
  'CONTENT_LENGTH' => '1278',
  'HTTP_ORIGIN' => 'http://localhost',
  'HTTP_PLOCATION' => 'Netscape,Mozilla,5.0 (Windows NT 5.1) AppleWebKit/537.36 (KHTML, like Gecko) Chrome/27.0.1453.94 Safari/537.36',
  'HTTP_USER_AGENT' => 'Mozilla/5.0 (Windows NT 5.1) AppleWebKit/537.36 (KHTML, like Gecko) Chrome/27.0.1453.94 Safari/537.36',
  'HTTP_PLOCALDT' => 'Mon Jun 24 2013 11:57:52 GMT-0500 (Central Daylight Time)',
  'CONTENT_TYPE' => 'multipart/form-data; boundary=----WebKitFormBoundary6AmPfzx9n4ZGxtGc',
  'HTTP_ACCEPT' => '*/*',
  'HTTP_REFERER' => 'http://localhost/upload/',
  'HTTP_ACCEPT_ENCODING' => 'gzip,deflate,sdch',
  'HTTP_ACCEPT_LANGUAGE' => 'en-US,en;q=0.8',
  'HTTP_COOKIE' => 'PHPSESSID=ffl4oni5q84cdpdo92kr4he3g4',
  'PATH' => 'C:\\bin\\php\\imagick;C:\\Program Files\\Subversion\\bin;C:\\cygwin\\bin;C:\\script;C:\\bin;C:\\WINDOWS\\System32\\Wbem;C:\\WINDOWS;C:\\WINDOWS\\system32;C:\\Program Files\\Windows Resource Kits\\Tools\\;C:\\dev\\Python33\\;C:\\bin\\php\\easy\\binaries\\php\\php_runningversion;C:\\bin\\php\\easy\\binaries\\mysql\\bin;;C:\\Program Files\\Common Files\\Ahead\\Lib\\;C:\\bin\\php\\easy\\Apache\\bin;C:\\bin\\php\\easy\\PHP',
  'SystemRoot' => 'C:\\WINDOWS',
  'COMSPEC' => 'C:\\WINDOWS\\system32\\cmd.exe',
  'PATHEXT' => '.COM;.EXE;.BAT;.CMD;.VBS;.VBE;.JS;.JSE;.WSF;.WSH',
  'WINDIR' => 'C:\\WINDOWS',
  'SERVER_SIGNATURE' => '',
  'SERVER_SOFTWARE' => 'Apache/2.4.4 (Win32) PHP/5.4.14',
  'SERVER_NAME' => 'localhost',
  'SERVER_ADDR' => '127.0.0.1',
  'SERVER_PORT' => '80',
  'REMOTE_ADDR' => '127.0.0.1',
  'DOCUMENT_ROOT' => 'D:/www/3/',
  'REQUEST_SCHEME' => 'http',
  'CONTEXT_PREFIX' => '',
  'CONTEXT_DOCUMENT_ROOT' => 'D:/www/3/',
  'SERVER_ADMIN' => 'admin@127.0.0.1',
  'SCRIPT_FILENAME' => 'D:/www/3/upload/index.php',
  'REMOTE_PORT' => '4865',
  'GATEWAY_INTERFACE' => 'CGI/1.1',
  'SERVER_PROTOCOL' => 'HTTP/1.1',
  'REQUEST_METHOD' => 'POST',
  'QUERY_STRING' => '',
  'REQUEST_URI' => '/upload/',
  'SCRIPT_NAME' => '/upload/index.php',
  'PHP_SELF' => '/upload/index.php',
  'REQUEST_TIME_FLOAT' => 1372093081.25,
  'REQUEST_TIME' => 1372093081,
)
2013-06-24T12:02:09-05:00 array (
  'Filedata' => 
  array (
    'name' => 'frame_repeat.png',
    'type' => 'image/png',
    'tmp_name' => 'C:\\bin\\php\\easy\\binaries\\tmp\\php68E.tmp',
    'error' => 0,
    'size' => 113,
  ),
)
2013-06-24T12:02:09-05:00 array (
  'TMP' => 'C:/bin/php/easy/binaries/tmp',
  'HTTP_HOST' => 'localhost',
  'HTTP_CONNECTION' => 'keep-alive',
  'CONTENT_LENGTH' => '306',
  'HTTP_ORIGIN' => 'http://localhost',
  'HTTP_PLOCATION' => 'Netscape,Mozilla,5.0 (Windows NT 5.1) AppleWebKit/537.36 (KHTML, like Gecko) Chrome/27.0.1453.94 Safari/537.36',
  'HTTP_USER_AGENT' => 'Mozilla/5.0 (Windows NT 5.1) AppleWebKit/537.36 (KHTML, like Gecko) Chrome/27.0.1453.94 Safari/537.36',
  'HTTP_PLOCALDT' => 'Mon Jun 24 2013 11:58:03 GMT-0500 (Central Daylight Time)',
  'CONTENT_TYPE' => 'multipart/form-data; boundary=----WebKitFormBoundaryPizcwPLFti6fxd8b',
  'HTTP_ACCEPT' => '*/*',
  'HTTP_REFERER' => 'http://localhost/upload/',
  'HTTP_ACCEPT_ENCODING' => 'gzip,deflate,sdch',
  'HTTP_ACCEPT_LANGUAGE' => 'en-US,en;q=0.8',
  'HTTP_COOKIE' => 'PHPSESSID=ffl4oni5q84cdpdo92kr4he3g4',
  'PATH' => 'C:\\bin\\php\\imagick;C:\\Program Files\\Subversion\\bin;C:\\cygwin\\bin;C:\\script;C:\\bin;C:\\WINDOWS\\System32\\Wbem;C:\\WINDOWS;C:\\WINDOWS\\system32;C:\\Program Files\\Windows Resource Kits\\Tools\\;C:\\dev\\Python33\\;C:\\bin\\php\\easy\\binaries\\php\\php_runningversion;C:\\bin\\php\\easy\\binaries\\mysql\\bin;;C:\\Program Files\\Common Files\\Ahead\\Lib\\;C:\\bin\\php\\easy\\Apache\\bin;C:\\bin\\php\\easy\\PHP',
  'SystemRoot' => 'C:\\WINDOWS',
  'COMSPEC' => 'C:\\WINDOWS\\system32\\cmd.exe',
  'PATHEXT' => '.COM;.EXE;.BAT;.CMD;.VBS;.VBE;.JS;.JSE;.WSF;.WSH',
  'WINDIR' => 'C:\\WINDOWS',
  'SERVER_SIGNATURE' => '',
  'SERVER_SOFTWARE' => 'Apache/2.4.4 (Win32) PHP/5.4.14',
  'SERVER_NAME' => 'localhost',
  'SERVER_ADDR' => '127.0.0.1',
  'SERVER_PORT' => '80',
  'REMOTE_ADDR' => '127.0.0.1',
  'DOCUMENT_ROOT' => 'D:/www/3/',
  'REQUEST_SCHEME' => 'http',
  'CONTEXT_PREFIX' => '',
  'CONTEXT_DOCUMENT_ROOT' => 'D:/www/3/',
  'SERVER_ADMIN' => 'admin@127.0.0.1',
  'SCRIPT_FILENAME' => 'D:/www/3/upload/index.php',
  'REMOTE_PORT' => '4883',
  'GATEWAY_INTERFACE' => 'CGI/1.1',
  'SERVER_PROTOCOL' => 'HTTP/1.1',
  'REQUEST_METHOD' => 'POST',
  'QUERY_STRING' => '',
  'REQUEST_URI' => '/upload/',
  'SCRIPT_NAME' => '/upload/index.php',
  'PHP_SELF' => '/upload/index.php',
  'REQUEST_TIME_FLOAT' => 1372093328.984,
  'REQUEST_TIME' => 1372093328,
)
2013-06-24T12:02:10-05:00 array (
  'Filedata' => 
  array (
    'name' => 'favicon.png',
    'type' => 'image/png',
    'tmp_name' => 'C:\\bin\\php\\easy\\binaries\\tmp\\php68F.tmp',
    'error' => 0,
    'size' => 74785,
  ),
)
2013-06-24T12:02:10-05:00 array (
  'TMP' => 'C:/bin/php/easy/binaries/tmp',
  'HTTP_HOST' => 'localhost',
  'HTTP_CONNECTION' => 'keep-alive',
  'CONTENT_LENGTH' => '74973',
  'HTTP_ORIGIN' => 'http://localhost',
  'HTTP_PLOCATION' => 'Netscape,Mozilla,5.0 (Windows NT 5.1) AppleWebKit/537.36 (KHTML, like Gecko) Chrome/27.0.1453.94 Safari/537.36',
  'HTTP_USER_AGENT' => 'Mozilla/5.0 (Windows NT 5.1) AppleWebKit/537.36 (KHTML, like Gecko) Chrome/27.0.1453.94 Safari/537.36',
  'HTTP_PLOCALDT' => 'Mon Jun 24 2013 11:58:03 GMT-0500 (Central Daylight Time)',
  'CONTENT_TYPE' => 'multipart/form-data; boundary=----WebKitFormBoundaryHaj7AITX4ZAPvX2a',
  'HTTP_ACCEPT' => '*/*',
  'HTTP_REFERER' => 'http://localhost/upload/',
  'HTTP_ACCEPT_ENCODING' => 'gzip,deflate,sdch',
  'HTTP_ACCEPT_LANGUAGE' => 'en-US,en;q=0.8',
  'HTTP_COOKIE' => 'PHPSESSID=ffl4oni5q84cdpdo92kr4he3g4',
  'PATH' => 'C:\\bin\\php\\imagick;C:\\Program Files\\Subversion\\bin;C:\\cygwin\\bin;C:\\script;C:\\bin;C:\\WINDOWS\\System32\\Wbem;C:\\WINDOWS;C:\\WINDOWS\\system32;C:\\Program Files\\Windows Resource Kits\\Tools\\;C:\\dev\\Python33\\;C:\\bin\\php\\easy\\binaries\\php\\php_runningversion;C:\\bin\\php\\easy\\binaries\\mysql\\bin;;C:\\Program Files\\Common Files\\Ahead\\Lib\\;C:\\bin\\php\\easy\\Apache\\bin;C:\\bin\\php\\easy\\PHP',
  'SystemRoot' => 'C:\\WINDOWS',
  'COMSPEC' => 'C:\\WINDOWS\\system32\\cmd.exe',
  'PATHEXT' => '.COM;.EXE;.BAT;.CMD;.VBS;.VBE;.JS;.JSE;.WSF;.WSH',
  'WINDIR' => 'C:\\WINDOWS',
  'SERVER_SIGNATURE' => '',
  'SERVER_SOFTWARE' => 'Apache/2.4.4 (Win32) PHP/5.4.14',
  'SERVER_NAME' => 'localhost',
  'SERVER_ADDR' => '127.0.0.1',
  'SERVER_PORT' => '80',
  'REMOTE_ADDR' => '127.0.0.1',
  'DOCUMENT_ROOT' => 'D:/www/3/',
  'REQUEST_SCHEME' => 'http',
  'CONTEXT_PREFIX' => '',
  'CONTEXT_DOCUMENT_ROOT' => 'D:/www/3/',
  'SERVER_ADMIN' => 'admin@127.0.0.1',
  'SCRIPT_FILENAME' => 'D:/www/3/upload/index.php',
  'REMOTE_PORT' => '4884',
  'GATEWAY_INTERFACE' => 'CGI/1.1',
  'SERVER_PROTOCOL' => 'HTTP/1.1',
  'REQUEST_METHOD' => 'POST',
  'QUERY_STRING' => '',
  'REQUEST_URI' => '/upload/',
  'SCRIPT_NAME' => '/upload/index.php',
  'PHP_SELF' => '/upload/index.php',
  'REQUEST_TIME_FLOAT' => 1372093329,
  'REQUEST_TIME' => 1372093329,
)
2013-06-24T12:03:23-05:00 array (
  'Filedata' => 
  array (
    'name' => 'online.gif',
    'type' => 'image/gif',
    'tmp_name' => 'C:\\bin\\php\\easy\\binaries\\tmp\\php699.tmp',
    'error' => 0,
    'size' => 295,
  ),
)
2013-06-24T12:03:23-05:00 array (
  'TMP' => 'C:/bin/php/easy/binaries/tmp',
  'HTTP_HOST' => 'localhost',
  'HTTP_CONNECTION' => 'keep-alive',
  'CONTENT_LENGTH' => '482',
  'HTTP_LOCATION' => 'Netscape,Mozilla,5.0 (Windows NT 5.1) AppleWebKit/537.36 (KHTML, like Gecko) Chrome/27.0.1453.94 Safari/537.36',
  'HTTP_ORIGIN' => 'http://localhost',
  'HTTP_LOCALDT' => 'Mon Jun 24 2013 12:02:53 GMT-0500 (Central Daylight Time)',
  'HTTP_USER_AGENT' => 'Mozilla/5.0 (Windows NT 5.1) AppleWebKit/537.36 (KHTML, like Gecko) Chrome/27.0.1453.94 Safari/537.36',
  'CONTENT_TYPE' => 'multipart/form-data; boundary=----WebKitFormBoundaryWtc8AwIJukdxTPRK',
  'HTTP_ACCEPT' => '*/*',
  'HTTP_REFERER' => 'http://localhost/upload/',
  'HTTP_ACCEPT_ENCODING' => 'gzip,deflate,sdch',
  'HTTP_ACCEPT_LANGUAGE' => 'en-US,en;q=0.8',
  'HTTP_COOKIE' => 'PHPSESSID=ffl4oni5q84cdpdo92kr4he3g4',
  'PATH' => 'C:\\bin\\php\\imagick;C:\\Program Files\\Subversion\\bin;C:\\cygwin\\bin;C:\\script;C:\\bin;C:\\WINDOWS\\System32\\Wbem;C:\\WINDOWS;C:\\WINDOWS\\system32;C:\\Program Files\\Windows Resource Kits\\Tools\\;C:\\dev\\Python33\\;C:\\bin\\php\\easy\\binaries\\php\\php_runningversion;C:\\bin\\php\\easy\\binaries\\mysql\\bin;;C:\\Program Files\\Common Files\\Ahead\\Lib\\;C:\\bin\\php\\easy\\Apache\\bin;C:\\bin\\php\\easy\\PHP',
  'SystemRoot' => 'C:\\WINDOWS',
  'COMSPEC' => 'C:\\WINDOWS\\system32\\cmd.exe',
  'PATHEXT' => '.COM;.EXE;.BAT;.CMD;.VBS;.VBE;.JS;.JSE;.WSF;.WSH',
  'WINDIR' => 'C:\\WINDOWS',
  'SERVER_SIGNATURE' => '',
  'SERVER_SOFTWARE' => 'Apache/2.4.4 (Win32) PHP/5.4.14',
  'SERVER_NAME' => 'localhost',
  'SERVER_ADDR' => '127.0.0.1',
  'SERVER_PORT' => '80',
  'REMOTE_ADDR' => '127.0.0.1',
  'DOCUMENT_ROOT' => 'D:/www/3/',
  'REQUEST_SCHEME' => 'http',
  'CONTEXT_PREFIX' => '',
  'CONTEXT_DOCUMENT_ROOT' => 'D:/www/3/',
  'SERVER_ADMIN' => 'admin@127.0.0.1',
  'SCRIPT_FILENAME' => 'D:/www/3/upload/index.php',
  'REMOTE_PORT' => '4942',
  'GATEWAY_INTERFACE' => 'CGI/1.1',
  'SERVER_PROTOCOL' => 'HTTP/1.1',
  'REQUEST_METHOD' => 'POST',
  'QUERY_STRING' => '',
  'REQUEST_URI' => '/upload/',
  'SCRIPT_NAME' => '/upload/index.php',
  'PHP_SELF' => '/upload/index.php',
  'REQUEST_TIME_FLOAT' => 1372093402.484,
  'REQUEST_TIME' => 1372093402,
)
2013-06-24T12:03:24-05:00 array (
  'Filedata' => 
  array (
    'name' => 'on.png',
    'type' => 'image/png',
    'tmp_name' => 'C:\\bin\\php\\easy\\binaries\\tmp\\php69A.tmp',
    'error' => 0,
    'size' => 1095,
  ),
)
2013-06-24T12:03:24-05:00 array (
  'TMP' => 'C:/bin/php/easy/binaries/tmp',
  'HTTP_HOST' => 'localhost',
  'HTTP_CONNECTION' => 'keep-alive',
  'CONTENT_LENGTH' => '1278',
  'HTTP_LOCATION' => 'Netscape,Mozilla,5.0 (Windows NT 5.1) AppleWebKit/537.36 (KHTML, like Gecko) Chrome/27.0.1453.94 Safari/537.36',
  'HTTP_ORIGIN' => 'http://localhost',
  'HTTP_LOCALDT' => 'Mon Jun 24 2013 12:02:53 GMT-0500 (Central Daylight Time)',
  'HTTP_USER_AGENT' => 'Mozilla/5.0 (Windows NT 5.1) AppleWebKit/537.36 (KHTML, like Gecko) Chrome/27.0.1453.94 Safari/537.36',
  'CONTENT_TYPE' => 'multipart/form-data; boundary=----WebKitFormBoundaryzcJAlBjJQVoyMrJF',
  'HTTP_ACCEPT' => '*/*',
  'HTTP_REFERER' => 'http://localhost/upload/',
  'HTTP_ACCEPT_ENCODING' => 'gzip,deflate,sdch',
  'HTTP_ACCEPT_LANGUAGE' => 'en-US,en;q=0.8',
  'HTTP_COOKIE' => 'PHPSESSID=ffl4oni5q84cdpdo92kr4he3g4',
  'PATH' => 'C:\\bin\\php\\imagick;C:\\Program Files\\Subversion\\bin;C:\\cygwin\\bin;C:\\script;C:\\bin;C:\\WINDOWS\\System32\\Wbem;C:\\WINDOWS;C:\\WINDOWS\\system32;C:\\Program Files\\Windows Resource Kits\\Tools\\;C:\\dev\\Python33\\;C:\\bin\\php\\easy\\binaries\\php\\php_runningversion;C:\\bin\\php\\easy\\binaries\\mysql\\bin;;C:\\Program Files\\Common Files\\Ahead\\Lib\\;C:\\bin\\php\\easy\\Apache\\bin;C:\\bin\\php\\easy\\PHP',
  'SystemRoot' => 'C:\\WINDOWS',
  'COMSPEC' => 'C:\\WINDOWS\\system32\\cmd.exe',
  'PATHEXT' => '.COM;.EXE;.BAT;.CMD;.VBS;.VBE;.JS;.JSE;.WSF;.WSH',
  'WINDIR' => 'C:\\WINDOWS',
  'SERVER_SIGNATURE' => '',
  'SERVER_SOFTWARE' => 'Apache/2.4.4 (Win32) PHP/5.4.14',
  'SERVER_NAME' => 'localhost',
  'SERVER_ADDR' => '127.0.0.1',
  'SERVER_PORT' => '80',
  'REMOTE_ADDR' => '127.0.0.1',
  'DOCUMENT_ROOT' => 'D:/www/3/',
  'REQUEST_SCHEME' => 'http',
  'CONTEXT_PREFIX' => '',
  'CONTEXT_DOCUMENT_ROOT' => 'D:/www/3/',
  'SERVER_ADMIN' => 'admin@127.0.0.1',
  'SCRIPT_FILENAME' => 'D:/www/3/upload/index.php',
  'REMOTE_PORT' => '4945',
  'GATEWAY_INTERFACE' => 'CGI/1.1',
  'SERVER_PROTOCOL' => 'HTTP/1.1',
  'REQUEST_METHOD' => 'POST',
  'QUERY_STRING' => '',
  'REQUEST_URI' => '/upload/',
  'SCRIPT_NAME' => '/upload/index.php',
  'PHP_SELF' => '/upload/index.php',
  'REQUEST_TIME_FLOAT' => 1372093402.484,
  'REQUEST_TIME' => 1372093402,
)
2013-06-24T12:05:00-05:00 array (
  'Filedata' => 
  array (
    'name' => 'GdBobwhite.mp3',
    'type' => 'application/octet-stream',
    'tmp_name' => 'C:\\bin\\php\\easy\\binaries\\tmp\\php69F.tmp',
    'error' => 0,
    'size' => 12570,
  ),
)
2013-06-24T12:05:00-05:00 array (
  'TMP' => 'C:/bin/php/easy/binaries/tmp',
  'HTTP_ACCEPT' => 'text/*',
  'CONTENT_TYPE' => 'multipart/form-data; boundary=----------GI3GI3Ij5GI3Ij5gL6cH2gL6cH2ei4',
  'HTTP_USER_AGENT' => 'Shockwave Flash',
  'HTTP_HOST' => 'localhost',
  'CONTENT_LENGTH' => '12996',
  'HTTP_CONNECTION' => 'Keep-Alive',
  'HTTP_CACHE_CONTROL' => 'no-cache',
  'HTTP_COOKIE' => 'PHPSESSID=65co5ohb3cek9tit5jf9fq7224',
  'PATH' => 'C:\\bin\\php\\imagick;C:\\Program Files\\Subversion\\bin;C:\\cygwin\\bin;C:\\script;C:\\bin;C:\\WINDOWS\\System32\\Wbem;C:\\WINDOWS;C:\\WINDOWS\\system32;C:\\Program Files\\Windows Resource Kits\\Tools\\;C:\\dev\\Python33\\;C:\\bin\\php\\easy\\binaries\\php\\php_runningversion;C:\\bin\\php\\easy\\binaries\\mysql\\bin;;C:\\Program Files\\Common Files\\Ahead\\Lib\\;C:\\bin\\php\\easy\\Apache\\bin;C:\\bin\\php\\easy\\PHP',
  'SystemRoot' => 'C:\\WINDOWS',
  'COMSPEC' => 'C:\\WINDOWS\\system32\\cmd.exe',
  'PATHEXT' => '.COM;.EXE;.BAT;.CMD;.VBS;.VBE;.JS;.JSE;.WSF;.WSH',
  'WINDIR' => 'C:\\WINDOWS',
  'SERVER_SIGNATURE' => '',
  'SERVER_SOFTWARE' => 'Apache/2.4.4 (Win32) PHP/5.4.14',
  'SERVER_NAME' => 'localhost',
  'SERVER_ADDR' => '127.0.0.1',
  'SERVER_PORT' => '80',
  'REMOTE_ADDR' => '127.0.0.1',
  'DOCUMENT_ROOT' => 'D:/www/3/',
  'REQUEST_SCHEME' => 'http',
  'CONTEXT_PREFIX' => '',
  'CONTEXT_DOCUMENT_ROOT' => 'D:/www/3/',
  'SERVER_ADMIN' => 'admin@127.0.0.1',
  'SCRIPT_FILENAME' => 'D:/www/3/upload/index.php',
  'REMOTE_PORT' => '1040',
  'GATEWAY_INTERFACE' => 'CGI/1.1',
  'SERVER_PROTOCOL' => 'HTTP/1.1',
  'REQUEST_METHOD' => 'POST',
  'QUERY_STRING' => '',
  'REQUEST_URI' => '/upload/',
  'SCRIPT_NAME' => '/upload/index.php',
  'PHP_SELF' => '/upload/index.php',
  'REQUEST_TIME_FLOAT' => 1372093499.343,
  'REQUEST_TIME' => 1372093499,
)
2013-06-24T12:05:01-05:00 array (
  'Filedata' => 
  array (
    'name' => 'AnBobwhite.mp3',
    'type' => 'application/octet-stream',
    'tmp_name' => 'C:\\bin\\php\\easy\\binaries\\tmp\\php6A0.tmp',
    'error' => 0,
    'size' => 6365,
  ),
)
2013-06-24T12:05:01-05:00 array (
  'TMP' => 'C:/bin/php/easy/binaries/tmp',
  'HTTP_ACCEPT' => 'text/*',
  'CONTENT_TYPE' => 'multipart/form-data; boundary=----------Ij5GI3GI3ae0cH2ei4ae0ei4Ij5gL6',
  'HTTP_USER_AGENT' => 'Shockwave Flash',
  'HTTP_HOST' => 'localhost',
  'CONTENT_LENGTH' => '6791',
  'HTTP_CONNECTION' => 'Keep-Alive',
  'HTTP_CACHE_CONTROL' => 'no-cache',
  'HTTP_COOKIE' => 'PHPSESSID=65co5ohb3cek9tit5jf9fq7224',
  'PATH' => 'C:\\bin\\php\\imagick;C:\\Program Files\\Subversion\\bin;C:\\cygwin\\bin;C:\\script;C:\\bin;C:\\WINDOWS\\System32\\Wbem;C:\\WINDOWS;C:\\WINDOWS\\system32;C:\\Program Files\\Windows Resource Kits\\Tools\\;C:\\dev\\Python33\\;C:\\bin\\php\\easy\\binaries\\php\\php_runningversion;C:\\bin\\php\\easy\\binaries\\mysql\\bin;;C:\\Program Files\\Common Files\\Ahead\\Lib\\;C:\\bin\\php\\easy\\Apache\\bin;C:\\bin\\php\\easy\\PHP',
  'SystemRoot' => 'C:\\WINDOWS',
  'COMSPEC' => 'C:\\WINDOWS\\system32\\cmd.exe',
  'PATHEXT' => '.COM;.EXE;.BAT;.CMD;.VBS;.VBE;.JS;.JSE;.WSF;.WSH',
  'WINDIR' => 'C:\\WINDOWS',
  'SERVER_SIGNATURE' => '',
  'SERVER_SOFTWARE' => 'Apache/2.4.4 (Win32) PHP/5.4.14',
  'SERVER_NAME' => 'localhost',
  'SERVER_ADDR' => '127.0.0.1',
  'SERVER_PORT' => '80',
  'REMOTE_ADDR' => '127.0.0.1',
  'DOCUMENT_ROOT' => 'D:/www/3/',
  'REQUEST_SCHEME' => 'http',
  'CONTEXT_PREFIX' => '',
  'CONTEXT_DOCUMENT_ROOT' => 'D:/www/3/',
  'SERVER_ADMIN' => 'admin@127.0.0.1',
  'SCRIPT_FILENAME' => 'D:/www/3/upload/index.php',
  'REMOTE_PORT' => '1041',
  'GATEWAY_INTERFACE' => 'CGI/1.1',
  'SERVER_PROTOCOL' => 'HTTP/1.1',
  'REQUEST_METHOD' => 'POST',
  'QUERY_STRING' => '',
  'REQUEST_URI' => '/upload/',
  'SCRIPT_NAME' => '/upload/index.php',
  'PHP_SELF' => '/upload/index.php',
  'REQUEST_TIME_FLOAT' => 1372093499.343,
  'REQUEST_TIME' => 1372093499,
)
2013-06-24T12:07:31-05:00 array (
  'files' => 
  array (
    'name' => 
    array (
      0 => 'GdBobwhite.mp3',
      1 => 'Bobwhite.wav',
      2 => 'AnBobwhite.mp3',
    ),
    'type' => 
    array (
      0 => 'audio/mpeg',
      1 => 'audio/wav',
      2 => 'audio/mpeg',
    ),
    'tmp_name' => 
    array (
      0 => 'C:\\bin\\php\\easy\\binaries\\tmp\\php6A2.tmp',
      1 => 'C:\\bin\\php\\easy\\binaries\\tmp\\php6A3.tmp',
      2 => 'C:\\bin\\php\\easy\\binaries\\tmp\\php6A4.tmp',
    ),
    'error' => 
    array (
      0 => 0,
      1 => 0,
      2 => 0,
    ),
    'size' => 
    array (
      0 => 12570,
      1 => 65744,
      2 => 6365,
    ),
  ),
)
2013-06-24T12:07:31-05:00 array (
  'TMP' => 'C:/bin/php/easy/binaries/tmp',
  'HTTP_ACCEPT' => 'image/gif, image/jpeg, image/pjpeg, image/pjpeg, application/x-shockwave-flash, application/vnd.ms-powerpoint, application/msword, application/vnd.ms-excel, */*',
  'HTTP_REFERER' => 'http://localhost/upload/multif',
  'HTTP_ACCEPT_LANGUAGE' => 'en-us',
  'HTTP_USER_AGENT' => 'Mozilla/4.0 (compatible; MSIE 8.0; Windows NT 5.1; Trident/4.0; BTRS100194; .NET CLR 1.1.4322; InfoPath.2)',
  'CONTENT_TYPE' => 'multipart/form-data; boundary=---------------------------7dd33c1e3303b4',
  'HTTP_ACCEPT_ENCODING' => 'gzip, deflate',
  'HTTP_HOST' => 'localhost',
  'CONTENT_LENGTH' => '85530',
  'HTTP_CONNECTION' => 'Keep-Alive',
  'HTTP_CACHE_CONTROL' => 'no-cache',
  'HTTP_COOKIE' => 'PHPSESSID=65co5ohb3cek9tit5jf9fq7224',
  'PATH' => 'C:\\bin\\php\\imagick;C:\\Program Files\\Subversion\\bin;C:\\cygwin\\bin;C:\\script;C:\\bin;C:\\WINDOWS\\System32\\Wbem;C:\\WINDOWS;C:\\WINDOWS\\system32;C:\\Program Files\\Windows Resource Kits\\Tools\\;C:\\dev\\Python33\\;C:\\bin\\php\\easy\\binaries\\php\\php_runningversion;C:\\bin\\php\\easy\\binaries\\mysql\\bin;;C:\\Program Files\\Common Files\\Ahead\\Lib\\;C:\\bin\\php\\easy\\Apache\\bin;C:\\bin\\php\\easy\\PHP',
  'SystemRoot' => 'C:\\WINDOWS',
  'COMSPEC' => 'C:\\WINDOWS\\system32\\cmd.exe',
  'PATHEXT' => '.COM;.EXE;.BAT;.CMD;.VBS;.VBE;.JS;.JSE;.WSF;.WSH',
  'WINDIR' => 'C:\\WINDOWS',
  'SERVER_SIGNATURE' => '',
  'SERVER_SOFTWARE' => 'Apache/2.4.4 (Win32) PHP/5.4.14',
  'SERVER_NAME' => 'localhost',
  'SERVER_ADDR' => '127.0.0.1',
  'SERVER_PORT' => '80',
  'REMOTE_ADDR' => '127.0.0.1',
  'DOCUMENT_ROOT' => 'D:/www/3/',
  'REQUEST_SCHEME' => 'http',
  'CONTEXT_PREFIX' => '',
  'CONTEXT_DOCUMENT_ROOT' => 'D:/www/3/',
  'SERVER_ADMIN' => 'admin@127.0.0.1',
  'SCRIPT_FILENAME' => 'D:/www/3/upload/index.php',
  'REMOTE_PORT' => '1071',
  'GATEWAY_INTERFACE' => 'CGI/1.1',
  'SERVER_PROTOCOL' => 'HTTP/1.1',
  'REQUEST_METHOD' => 'POST',
  'QUERY_STRING' => '',
  'REQUEST_URI' => '/upload/',
  'SCRIPT_NAME' => '/upload/index.php',
  'PHP_SELF' => '/upload/index.php',
  'REQUEST_TIME_FLOAT' => 1372093650.875,
  'REQUEST_TIME' => 1372093650,
)
2013-06-24T12:08:30-05:00 array (
  'files' => 
  array (
    'name' => 
    array (
      0 => 'GdBobwhite.mp3',
      1 => 'Bobwhite.wav',
      2 => 'AnBobwhite.mp3',
    ),
    'type' => 
    array (
      0 => 'audio/mpeg',
      1 => 'audio/wav',
      2 => 'audio/mpeg',
    ),
    'tmp_name' => 
    array (
      0 => 'C:\\bin\\php\\easy\\binaries\\tmp\\php6A5.tmp',
      1 => 'C:\\bin\\php\\easy\\binaries\\tmp\\php6A6.tmp',
      2 => 'C:\\bin\\php\\easy\\binaries\\tmp\\php6A7.tmp',
    ),
    'error' => 
    array (
      0 => 0,
      1 => 0,
      2 => 0,
    ),
    'size' => 
    array (
      0 => 12570,
      1 => 65744,
      2 => 6365,
    ),
  ),
)
2013-06-24T12:08:30-05:00 array (
  'TMP' => 'C:/bin/php/easy/binaries/tmp',
  'HTTP_ACCEPT' => 'image/gif, image/jpeg, image/pjpeg, image/pjpeg, application/x-shockwave-flash, application/vnd.ms-powerpoint, application/msword, application/vnd.ms-excel, */*',
  'HTTP_REFERER' => 'http://localhost/upload/multif',
  'HTTP_ACCEPT_LANGUAGE' => 'en-us',
  'HTTP_USER_AGENT' => 'Mozilla/4.0 (compatible; MSIE 8.0; Windows NT 5.1; Trident/4.0; BTRS100194; .NET CLR 1.1.4322; InfoPath.2)',
  'CONTENT_TYPE' => 'multipart/form-data; boundary=---------------------------7ddfa1d3303b4',
  'HTTP_ACCEPT_ENCODING' => 'gzip, deflate',
  'HTTP_HOST' => 'localhost',
  'CONTENT_LENGTH' => '85524',
  'HTTP_CONNECTION' => 'Keep-Alive',
  'HTTP_CACHE_CONTROL' => 'no-cache',
  'HTTP_COOKIE' => 'PHPSESSID=65co5ohb3cek9tit5jf9fq7224',
  'PATH' => 'C:\\bin\\php\\imagick;C:\\Program Files\\Subversion\\bin;C:\\cygwin\\bin;C:\\script;C:\\bin;C:\\WINDOWS\\System32\\Wbem;C:\\WINDOWS;C:\\WINDOWS\\system32;C:\\Program Files\\Windows Resource Kits\\Tools\\;C:\\dev\\Python33\\;C:\\bin\\php\\easy\\binaries\\php\\php_runningversion;C:\\bin\\php\\easy\\binaries\\mysql\\bin;;C:\\Program Files\\Common Files\\Ahead\\Lib\\;C:\\bin\\php\\easy\\Apache\\bin;C:\\bin\\php\\easy\\PHP',
  'SystemRoot' => 'C:\\WINDOWS',
  'COMSPEC' => 'C:\\WINDOWS\\system32\\cmd.exe',
  'PATHEXT' => '.COM;.EXE;.BAT;.CMD;.VBS;.VBE;.JS;.JSE;.WSF;.WSH',
  'WINDIR' => 'C:\\WINDOWS',
  'SERVER_SIGNATURE' => '',
  'SERVER_SOFTWARE' => 'Apache/2.4.4 (Win32) PHP/5.4.14',
  'SERVER_NAME' => 'localhost',
  'SERVER_ADDR' => '127.0.0.1',
  'SERVER_PORT' => '80',
  'REMOTE_ADDR' => '127.0.0.1',
  'DOCUMENT_ROOT' => 'D:/www/3/',
  'REQUEST_SCHEME' => 'http',
  'CONTEXT_PREFIX' => '',
  'CONTEXT_DOCUMENT_ROOT' => 'D:/www/3/',
  'SERVER_ADMIN' => 'admin@127.0.0.1',
  'SCRIPT_FILENAME' => 'D:/www/3/upload/index.php',
  'REMOTE_PORT' => '1096',
  'GATEWAY_INTERFACE' => 'CGI/1.1',
  'SERVER_PROTOCOL' => 'HTTP/1.1',
  'REQUEST_METHOD' => 'POST',
  'QUERY_STRING' => '',
  'REQUEST_URI' => '/upload/',
  'SCRIPT_NAME' => '/upload/index.php',
  'PHP_SELF' => '/upload/index.php',
  'REQUEST_TIME_FLOAT' => 1372093709.25,
  'REQUEST_TIME' => 1372093709,
)
2013-06-26T11:59:39-05:00 shell_exec ffmpeg -i D:\www\3\upload\pitch\26.wav D:\www\3\upload\content\26.mp3
2013-06-26T12:05:12-05:00 ERROR Usage: d:/www/3/pitch.php file.wav [full|tiny]
2013-06-26T12:06:23-05:00 shell_exec ffmpeg -i D:\www\3\upload\pitch\27.wav D:\www\3\upload\content\27.mp3
2013-06-26T12:06:24-05:00 shell_exec php D:\www\3\pitch.php D:\www\3\upload\pitch\27.wav tiny
2013-06-26T12:06:24-05:00 shell_exec D:\www\3\sh\cpitch  -c D:\www\3\upload\pitch\tiny.cfg D:\www\3\upload\pitch\27.wav
2013-06-26T12:06:28-05:00 shell_exec D:\www\3\sh\ccompare  -c D:\www\3\upload\pitch\tiny.cfg -m pitch_dtw D:\www\3\upload\pitch\tiny
2013-06-26T12:06:30-05:00 ERROR Compare expected 1 tgt for ref 0 D:\www\3\upload\pitch\27.wav ref	tgt	dlen	dist	dnorm
0	0	1641	0.0	0.0
0	1	2221	4043.24019887	2.46238745364
0	2	1988	8147.38507048	5.06678176025
0	3	2195	3621.05800626	2.20527284181
0	4	2481	3614.96494949	2.20156208861
0	5	2348	3975.53346412	2.42115314502
0	6	2008	11540.57453	7.02836451281
0	7	1792	15862.6210664	10.9928073918
0	8	2626	8203.00341789	4.99573898775
0	9	2350	3307.29377106	2.01418621867
0	10	2614	4179.45515452	2.54534418667
0	11	2771	5685.93256284	3.46280911257
0	12	2624	4766.5151184	2.90287157028
0	13	2285	3665.39774997	2.23227633981

2013-06-26T12:06:30-05:00 6 sec for tiny trace 27
2013-06-26T12:12:44-05:00 shell_exec ffmpeg -i D:\www\3\upload\pitch\28.wav D:\www\3\upload\content\28.mp3
2013-06-26T12:12:45-05:00 shell_exec php D:\www\3\pitch.php D:\www\3\upload\pitch\28.wav tiny
2013-06-26T12:12:45-05:00 0 sec for tiny trace 28
2013-06-26T12:14:11-05:00 shell_exec ffmpeg -i D:\www\3\upload\pitch\29.wav D:\www\3\upload\content\29.mp3
2013-06-26T12:14:11-05:00 shell_exec php D:\www\3\pitch.php D:\www\3\upload\pitch\29.wav tiny
2013-06-26T12:14:11-05:00 shell_exec D:\www\3\sh\cpitch  -c D:\www\3\upload\pitch\tiny.cfg D:\www\3\upload\pitch\29.wav
2013-06-26T12:14:16-05:00 shell_exec D:\www\3\sh\ccompare  -c D:\www\3\upload\pitch\tiny.cfg -m pitch_dtw D:\www\3\upload\pitch\tiny
2013-06-26T12:14:18-05:00 7 sec for tiny trace 29
2013-06-26T12:18:33-05:00 shell_exec ffmpeg -i D:\www\3\upload\pitch\30.wav D:\www\3\upload\content\30.mp3
2013-06-26T12:18:34-05:00 shell_exec php D:\www\3\pitch.php D:\www\3\upload\pitch\30.wav tiny
2013-06-26T12:18:34-05:00 shell_exec D:\www\3\sh\cpitch  -c D:\www\3\upload\pitch\tiny.cfg D:\www\3\upload\pitch\30.wav
2013-06-26T12:18:39-05:00 shell_exec D:\www\3\sh\ccompare  -c D:\www\3\upload\pitch\tiny.cfg -m pitch_dtw D:\www\3\upload\pitch\tiny
2013-06-26T12:18:41-05:00 D:\www\3\pitch.php D:\www\3\upload\pitch\30.wav tiny done.
2013-06-26T12:18:41-05:00 7 sec for tiny trace 30
2013-06-26T12:18:41-05:00 longest tiny trace was 0.12 minutes
2013-06-26T12:18:41-05:00 longest full trace was -0.02 minutes
2013-06-26T12:20:50-05:00 shell_exec ffmpeg -i D:\www\3\upload\pitch\31.wav D:\www\3\upload\content\31.mp3
2013-06-26T12:20:51-05:00 shell_exec php D:\www\3\pitch.php D:\www\3\upload\pitch\31.wav tiny
2013-06-26T12:20:51-05:00 shell_exec D:\www\3\sh\cpitch  -c D:\www\3\upload\pitch\tiny.cfg D:\www\3\upload\pitch\31.wav
2013-06-26T12:20:56-05:00 shell_exec D:\www\3\sh\ccompare  -c D:\www\3\upload\pitch\tiny.cfg -m pitch_dtw D:\www\3\upload\pitch\tiny
2013-06-26T12:20:58-05:00 D:\www\3\pitch.php D:\www\3\upload\pitch\31.wav tiny done.
2013-06-26T12:20:58-05:00 7 sec for tiny trace 31
2013-06-27T13:44:10-05:00 array (
  'Filedata' => 
  array (
    'name' => 'info.gif',
    'type' => 'image/gif',
    'tmp_name' => 'C:\\bin\\php\\easy\\binaries\\tmp\\php2D2.tmp',
    'error' => 0,
    'size' => 177,
  ),
)
2013-06-27T13:44:10-05:00 array (
  'TMP' => 'C:/bin/php/easy/binaries/tmp',
  'HTTP_HOST' => 'localhost',
  'HTTP_CONNECTION' => 'keep-alive',
  'CONTENT_LENGTH' => '362',
  'HTTP_ORIGIN' => 'http://localhost',
  'HTTP_USER_AGENT' => 'Mozilla/5.0 (Windows NT 5.1) AppleWebKit/537.36 (KHTML, like Gecko) Chrome/27.0.1453.94 Safari/537.36',
  'CONTENT_TYPE' => 'multipart/form-data; boundary=----WebKitFormBoundary9xnj27NfIkCPzCZj',
  'HTTP_ACCEPT' => '*/*',
  'HTTP_REFERER' => 'http://localhost/upload/',
  'HTTP_ACCEPT_ENCODING' => 'gzip,deflate,sdch',
  'HTTP_ACCEPT_LANGUAGE' => 'en-US,en;q=0.8',
  'HTTP_COOKIE' => 'PHPSESSID=46rn59ravcjnncgnlnkbfglt51',
  'PATH' => 'C:\\bin\\php\\imagick;C:\\Program Files\\Subversion\\bin;C:\\cygwin\\bin;C:\\script;C:\\bin;C:\\WINDOWS\\System32\\Wbem;C:\\WINDOWS;C:\\WINDOWS\\system32;C:\\Program Files\\Windows Resource Kits\\Tools\\;C:\\dev\\Python33\\;C:\\bin\\php\\easy\\binaries\\php\\php_runningversion;C:\\bin\\php\\easy\\binaries\\mysql\\bin;;C:\\bin\\php\\easy\\Apache\\bin;C:\\bin\\php\\easy\\PHP',
  'SystemRoot' => 'C:\\WINDOWS',
  'COMSPEC' => 'C:\\WINDOWS\\system32\\cmd.exe',
  'PATHEXT' => '.COM;.EXE;.BAT;.CMD;.VBS;.VBE;.JS;.JSE;.WSF;.WSH',
  'WINDIR' => 'C:\\WINDOWS',
  'SERVER_SIGNATURE' => '',
  'SERVER_SOFTWARE' => 'Apache/2.4.4 (Win32) PHP/5.4.14',
  'SERVER_NAME' => 'localhost',
  'SERVER_ADDR' => '127.0.0.1',
  'SERVER_PORT' => '80',
  'REMOTE_ADDR' => '127.0.0.1',
  'DOCUMENT_ROOT' => 'D:/www/3/',
  'REQUEST_SCHEME' => 'http',
  'CONTEXT_PREFIX' => '',
  'CONTEXT_DOCUMENT_ROOT' => 'D:/www/3/',
  'SERVER_ADMIN' => 'admin@127.0.0.1',
  'SCRIPT_FILENAME' => 'D:/www/3/upload/index.php',
  'REMOTE_PORT' => '4563',
  'GATEWAY_INTERFACE' => 'CGI/1.1',
  'SERVER_PROTOCOL' => 'HTTP/1.1',
  'REQUEST_METHOD' => 'POST',
  'QUERY_STRING' => '',
  'REQUEST_URI' => '/upload/',
  'SCRIPT_NAME' => '/upload/index.php',
  'PHP_SELF' => '/upload/index.php',
  'REQUEST_TIME_FLOAT' => 1372358650.14,
  'REQUEST_TIME' => 1372358650,
)
2013-06-27T14:32:09-05:00 ERROR Missing session recording.
